2018-11-13 18:23:22,531 [WARN] from application in play-dev-mode-akka.actor.default-dispatcher-3 - application.conf @ file:/C:/Users/super/Google%20Drive/PSU/Semester%207/IST%20411/playtest411/target/scala-2.12/classes/application.conf: 10: user is deprecated, use username instead
2018-11-13 18:23:22,554 [INFO] from application in play-dev-mode-akka.actor.default-dispatcher-3 - Creating Pool for datasource 'default'
2018-11-13 18:23:22,573 [ERROR] from com.zaxxer.hikari.HikariConfig in play-dev-mode-akka.actor.default-dispatcher-3 - HikariPool-1 - jdbcUrl is required with driverClassName.
2018-11-13 18:23:22,601 [WARN] from application in play-dev-mode-akka.actor.default-dispatcher-3 - application.conf @ file:/C:/Users/super/Google%20Drive/PSU/Semester%207/IST%20411/playtest411/target/scala-2.12/classes/application.conf: 10: user is deprecated, use username instead
2018-11-13 18:23:22,601 [INFO] from application in play-dev-mode-akka.actor.default-dispatcher-3 - Creating Pool for datasource 'default'
2018-11-13 18:23:22,602 [ERROR] from com.zaxxer.hikari.HikariConfig in play-dev-mode-akka.actor.default-dispatcher-3 - HikariPool-2 - jdbcUrl is required with driverClassName.
2018-11-13 18:23:22,840 [ERROR] from application in play-dev-mode-akka.actor.default-dispatcher-3 - 

! @7a03hol20 - Internal server error, for (GET) [/] ->
 
play.api.Configuration$$anon$1: Configuration error[Cannot initialize to database [default]]
	at play.api.Configuration$.configError(Configuration.scala:156)
	at play.api.Configuration.reportError(Configuration.scala:990)
	at play.api.db.DefaultDBApi.$anonfun$initialize$1(DefaultDBApi.scala:69)
	at scala.collection.immutable.List.foreach(List.scala:389)
	at play.api.db.DefaultDBApi.initialize(DefaultDBApi.scala:62)
	at play.api.db.DBApiProvider.get$lzycompute(DBModule.scala:85)
	at play.api.db.DBApiProvider.get(DBModule.scala:74)
	at play.api.db.DBApiProvider.get(DBModule.scala:55)
	at com.google.inject.internal.ProviderInternalFactory.provision(ProviderInternalFactory.java:81)
	at com.google.inject.internal.BoundProviderFactory.provision(BoundProviderFactory.java:72)
	at com.google.inject.internal.ProviderInternalFactory.circularGet(ProviderInternalFactory.java:61)
	at com.google.inject.internal.BoundProviderFactory.get(BoundProviderFactory.java:62)
	at com.google.inject.internal.SingleFieldInjector.inject(SingleFieldInjector.java:54)
	at com.google.inject.internal.MembersInjectorImpl.injectMembers(MembersInjectorImpl.java:132)
	at com.google.inject.internal.MembersInjectorImpl$1.call(MembersInjectorImpl.java:93)
	at com.google.inject.internal.MembersInjectorImpl$1.call(MembersInjectorImpl.java:80)
	at com.google.inject.internal.InjectorImpl.callInContext(InjectorImpl.java:1092)
	at com.google.inject.internal.MembersInjectorImpl.injectAndNotify(MembersInjectorImpl.java:80)
	at com.google.inject.internal.MembersInjectorImpl.injectMembers(MembersInjectorImpl.java:62)
	at com.google.inject.internal.InjectorImpl.injectMembers(InjectorImpl.java:987)
	at com.google.inject.util.Providers$GuicifiedProviderWithDependencies.initialize(Providers.java:149)
	at com.google.inject.util.Providers$GuicifiedProviderWithDependencies$$FastClassByGuice$$2a7177aa.invoke(<generated>)
	at com.google.inject.internal.SingleMethodInjector$1.invoke(SingleMethodInjector.java:54)
	at com.google.inject.internal.SingleMethodInjector.inject(SingleMethodInjector.java:89)
	at com.google.inject.internal.MembersInjectorImpl.injectMembers(MembersInjectorImpl.java:132)
	at com.google.inject.internal.MembersInjectorImpl$1.call(MembersInjectorImpl.java:93)
	at com.google.inject.internal.MembersInjectorImpl$1.call(MembersInjectorImpl.java:80)
	at com.google.inject.internal.InjectorImpl.callInContext(InjectorImpl.java:1085)
	at com.google.inject.internal.MembersInjectorImpl.injectAndNotify(MembersInjectorImpl.java:80)
	at com.google.inject.internal.Initializer$InjectableReference.get(Initializer.java:223)
	at com.google.inject.internal.Initializer.injectAll(Initializer.java:132)
	at com.google.inject.internal.InternalInjectorCreator.injectDynamically(InternalInjectorCreator.java:174)
	at com.google.inject.internal.InternalInjectorCreator.build(InternalInjectorCreator.java:110)
	at com.google.inject.Guice.createInjector(Guice.java:99)
	at com.google.inject.Guice.createInjector(Guice.java:84)
	at play.api.inject.guice.GuiceBuilder.injector(GuiceInjectorBuilder.scala:185)
	at play.api.inject.guice.GuiceApplicationBuilder.build(GuiceApplicationBuilder.scala:137)
	at play.api.inject.guice.GuiceApplicationLoader.load(GuiceApplicationLoader.scala:21)
	at play.core.server.DevServerStart$$anon$1.$anonfun$reload$3(DevServerStart.scala:174)
	at play.utils.Threads$.withContextClassLoader(Threads.scala:21)
	at play.core.server.DevServerStart$$anon$1.reload(DevServerStart.scala:171)
	at play.core.server.DevServerStart$$anon$1.get(DevServerStart.scala:124)
	at play.core.server.AkkaHttpServer.handleRequest(AkkaHttpServer.scala:222)
	at play.core.server.AkkaHttpServer.$anonfun$createServerBinding$1(AkkaHttpServer.scala:138)
	at akka.stream.impl.fusing.MapAsyncUnordered$$anon$26.onPush(Ops.scala:1303)
	at akka.stream.impl.fusing.GraphInterpreter.processPush(GraphInterpreter.scala:519)
	at akka.stream.impl.fusing.GraphInterpreter.processEvent(GraphInterpreter.scala:482)
	at akka.stream.impl.fusing.GraphInterpreter.execute(GraphInterpreter.scala:378)
	at akka.stream.impl.fusing.GraphInterpreterShell.runBatch(ActorGraphInterpreter.scala:588)
	at akka.stream.impl.fusing.GraphInterpreterShell$AsyncInput.execute(ActorGraphInterpreter.scala:472)
	at akka.stream.impl.fusing.GraphInterpreterShell.processEvent(ActorGraphInterpreter.scala:563)
	at akka.stream.impl.fusing.ActorGraphInterpreter.akka$stream$impl$fusing$ActorGraphInterpreter$$processEvent(ActorGraphInterpreter.scala:745)
	at akka.stream.impl.fusing.ActorGraphInterpreter$$anonfun$receive$1.applyOrElse(ActorGraphInterpreter.scala:760)
	at akka.actor.Actor.aroundReceive(Actor.scala:517)
	at akka.actor.Actor.aroundReceive$(Actor.scala:515)
	at akka.stream.impl.fusing.ActorGraphInterpreter.aroundReceive(ActorGraphInterpreter.scala:670)
	at akka.actor.ActorCell.receiveMessage(ActorCell.scala:588)
	at akka.actor.ActorCell.invoke(ActorCell.scala:557)
	at akka.dispatch.Mailbox.processMailbox(Mailbox.scala:258)
	at akka.dispatch.Mailbox.run(Mailbox.scala:225)
	at akka.dispatch.Mailbox.exec(Mailbox.scala:235)
	at akka.dispatch.forkjoin.ForkJoinTask.doExec(ForkJoinTask.java:260)
	at akka.dispatch.forkjoin.ForkJoinPool$WorkQueue.runTask(ForkJoinPool.java:1339)
	at akka.dispatch.forkjoin.ForkJoinPool.runWorker(ForkJoinPool.java:1979)
	at akka.dispatch.forkjoin.ForkJoinWorkerThread.run(ForkJoinWorkerThread.java:107)
Caused by: play.api.Configuration$$anon$1: Configuration error[jdbcUrl is required with driverClassName.]
	at play.api.Configuration$.configError(Configuration.scala:156)
	at play.api.Configuration.reportError(Configuration.scala:990)
	at play.api.db.HikariCPConnectionPool.create(HikariCPModule.scala:63)
	at play.api.db.PooledDatabase.createDataSource(Databases.scala:207)
	at play.api.db.DefaultDatabase.dataSource$lzycompute(Databases.scala:123)
	at play.api.db.DefaultDatabase.dataSource(Databases.scala:121)
	at play.api.db.DefaultDatabase.$anonfun$url$1(Databases.scala:128)
	at scala.Option.getOrElse(Option.scala:121)
	at play.api.db.DefaultDatabase.url$lzycompute(Databases.scala:127)
	at play.api.db.DefaultDatabase.url(Databases.scala:126)
	at play.api.db.DefaultDBApi.$anonfun$initialize$2(DefaultDBApi.scala:64)
	at play.api.LoggerLike.info(Logger.scala:153)
	at play.api.LoggerLike.info$(Logger.scala:150)
	at play.api.Logger.info(Logger.scala:244)
	at play.api.db.DefaultDBApi.$anonfun$initialize$1(DefaultDBApi.scala:64)
	... 62 common frames omitted
Caused by: java.lang.IllegalArgumentException: jdbcUrl is required with driverClassName.
	at com.zaxxer.hikari.HikariConfig.validate(HikariConfig.java:1059)
	at play.api.db.HikariCPConfig.toHikariConfig(HikariCPModule.scala:136)
	at play.api.db.HikariCPConnectionPool.$anonfun$create$1(HikariCPModule.scala:50)
	at scala.util.Try$.apply(Try.scala:209)
	at play.api.db.HikariCPConnectionPool.create(HikariCPModule.scala:47)
	... 74 common frames omitted
2018-11-13 18:24:26,906 [INFO] from application in play-dev-mode-akka.actor.default-dispatcher-3 - Creating Pool for datasource 'default'
2018-11-13 18:24:26,908 [ERROR] from com.zaxxer.hikari.HikariConfig in play-dev-mode-akka.actor.default-dispatcher-3 - HikariPool-3 - jdbcUrl is required with driverClassName.
2018-11-13 18:24:26,914 [ERROR] from application in play-dev-mode-akka.actor.default-dispatcher-3 - Error executing stop hook
play.api.Configuration$$anon$1: Configuration error[jdbcUrl is required with driverClassName.]
	at play.api.Configuration$.configError(Configuration.scala:156)
	at play.api.Configuration.reportError(Configuration.scala:990)
	at play.api.db.HikariCPConnectionPool.create(HikariCPModule.scala:63)
	at play.api.db.PooledDatabase.createDataSource(Databases.scala:207)
	at play.api.db.DefaultDatabase.dataSource$lzycompute(Databases.scala:123)
	at play.api.db.DefaultDatabase.dataSource(Databases.scala:121)
	at play.api.db.DefaultDatabase.shutdown(Databases.scala:188)
	at play.api.db.DefaultDBApi.$anonfun$shutdown$1(DefaultDBApi.scala:75)
	at play.api.db.DefaultDBApi.$anonfun$shutdown$1$adapted(DefaultDBApi.scala:75)
	at scala.collection.immutable.List.foreach(List.scala:389)
	at play.api.db.DefaultDBApi.shutdown(DefaultDBApi.scala:75)
	at play.api.db.DBApiProvider.$anonfun$get$6(DBModule.scala:84)
	at scala.runtime.java8.JFunction0$mcV$sp.apply(JFunction0$mcV$sp.java:12)
	at scala.util.Try$.apply(Try.scala:209)
	at play.api.db.DBApiProvider.$anonfun$get$5(DBModule.scala:84)
	at scala.util.Try$.apply(Try.scala:209)
	at play.api.inject.DefaultApplicationLifecycle.$anonfun$stop$1(ApplicationLifecycle.scala:106)
	at scala.concurrent.Future.$anonfun$flatMap$1(Future.scala:303)
	at scala.concurrent.impl.Promise.$anonfun$transformWith$1(Promise.scala:37)
	at scala.concurrent.impl.CallbackRunnable.run(Promise.scala:60)
	at play.api.libs.streams.Execution$trampoline$.execute(Execution.scala:70)
	at scala.concurrent.impl.CallbackRunnable.executeWithValue(Promise.scala:68)
	at scala.concurrent.impl.Promise$KeptPromise$Kept.onComplete(Promise.scala:368)
	at scala.concurrent.impl.Promise$KeptPromise$Kept.onComplete$(Promise.scala:367)
	at scala.concurrent.impl.Promise$KeptPromise$Successful.onComplete(Promise.scala:375)
	at scala.concurrent.impl.Promise.transformWith(Promise.scala:36)
	at scala.concurrent.impl.Promise.transformWith$(Promise.scala:34)
	at scala.concurrent.impl.Promise$KeptPromise$Successful.transformWith(Promise.scala:375)
	at scala.concurrent.Future.flatMap(Future.scala:302)
	at scala.concurrent.Future.flatMap$(Future.scala:302)
	at scala.concurrent.impl.Promise$KeptPromise$Successful.flatMap(Promise.scala:375)
	at play.api.inject.DefaultApplicationLifecycle.clearHooks$1(ApplicationLifecycle.scala:105)
	at play.api.inject.DefaultApplicationLifecycle.stop(ApplicationLifecycle.scala:117)
	at play.core.server.DevServerStart$$anon$1.$anonfun$reload$2(DevServerStart.scala:152)
	at scala.Option.foreach(Option.scala:257)
	at play.core.server.DevServerStart$$anon$1.reload(DevServerStart.scala:152)
	at play.core.server.DevServerStart$$anon$1.get(DevServerStart.scala:124)
	at play.core.server.AkkaHttpServer.handleRequest(AkkaHttpServer.scala:222)
	at play.core.server.AkkaHttpServer.$anonfun$createServerBinding$1(AkkaHttpServer.scala:138)
	at akka.stream.impl.fusing.MapAsyncUnordered$$anon$26.onPush(Ops.scala:1303)
	at akka.stream.impl.fusing.GraphInterpreter.processPush(GraphInterpreter.scala:519)
	at akka.stream.impl.fusing.GraphInterpreter.processEvent(GraphInterpreter.scala:482)
	at akka.stream.impl.fusing.GraphInterpreter.execute(GraphInterpreter.scala:378)
	at akka.stream.impl.fusing.GraphInterpreterShell.runBatch(ActorGraphInterpreter.scala:588)
	at akka.stream.impl.fusing.GraphInterpreterShell$AsyncInput.execute(ActorGraphInterpreter.scala:472)
	at akka.stream.impl.fusing.GraphInterpreterShell.processEvent(ActorGraphInterpreter.scala:563)
	at akka.stream.impl.fusing.ActorGraphInterpreter.akka$stream$impl$fusing$ActorGraphInterpreter$$processEvent(ActorGraphInterpreter.scala:745)
	at akka.stream.impl.fusing.ActorGraphInterpreter$$anonfun$receive$1.applyOrElse(ActorGraphInterpreter.scala:760)
	at akka.actor.Actor.aroundReceive(Actor.scala:517)
	at akka.actor.Actor.aroundReceive$(Actor.scala:515)
	at akka.stream.impl.fusing.ActorGraphInterpreter.aroundReceive(ActorGraphInterpreter.scala:670)
	at akka.actor.ActorCell.receiveMessage(ActorCell.scala:588)
	at akka.actor.ActorCell.invoke(ActorCell.scala:557)
	at akka.dispatch.Mailbox.processMailbox(Mailbox.scala:258)
	at akka.dispatch.Mailbox.run(Mailbox.scala:225)
	at akka.dispatch.Mailbox.exec(Mailbox.scala:235)
	at akka.dispatch.forkjoin.ForkJoinTask.doExec(ForkJoinTask.java:260)
	at akka.dispatch.forkjoin.ForkJoinPool$WorkQueue.runTask(ForkJoinPool.java:1339)
	at akka.dispatch.forkjoin.ForkJoinPool.runWorker(ForkJoinPool.java:1979)
	at akka.dispatch.forkjoin.ForkJoinWorkerThread.run(ForkJoinWorkerThread.java:107)
Caused by: java.lang.IllegalArgumentException: jdbcUrl is required with driverClassName.
	at com.zaxxer.hikari.HikariConfig.validate(HikariConfig.java:1059)
	at play.api.db.HikariCPConfig.toHikariConfig(HikariCPModule.scala:136)
	at play.api.db.HikariCPConnectionPool.$anonfun$create$1(HikariCPModule.scala:50)
	at scala.util.Try$.apply(Try.scala:209)
	at play.api.db.HikariCPConnectionPool.create(HikariCPModule.scala:47)
	... 57 common frames omitted
2018-11-13 18:24:26,916 [INFO] from application in play-dev-mode-akka.actor.default-dispatcher-3 - Creating Pool for datasource 'default'
2018-11-13 18:24:26,917 [ERROR] from com.zaxxer.hikari.HikariConfig in play-dev-mode-akka.actor.default-dispatcher-3 - HikariPool-4 - jdbcUrl is required with driverClassName.
2018-11-13 18:24:26,919 [ERROR] from application in play-dev-mode-akka.actor.default-dispatcher-3 - Error executing stop hook
play.api.Configuration$$anon$1: Configuration error[jdbcUrl is required with driverClassName.]
	at play.api.Configuration$.configError(Configuration.scala:156)
	at play.api.Configuration.reportError(Configuration.scala:990)
	at play.api.db.HikariCPConnectionPool.create(HikariCPModule.scala:63)
	at play.api.db.PooledDatabase.createDataSource(Databases.scala:207)
	at play.api.db.DefaultDatabase.dataSource$lzycompute(Databases.scala:123)
	at play.api.db.DefaultDatabase.dataSource(Databases.scala:121)
	at play.api.db.DefaultDatabase.shutdown(Databases.scala:188)
	at play.api.db.DefaultDBApi.$anonfun$shutdown$1(DefaultDBApi.scala:75)
	at play.api.db.DefaultDBApi.$anonfun$shutdown$1$adapted(DefaultDBApi.scala:75)
	at scala.collection.immutable.List.foreach(List.scala:389)
	at play.api.db.DefaultDBApi.shutdown(DefaultDBApi.scala:75)
	at play.api.db.DBApiProvider.$anonfun$get$6(DBModule.scala:84)
	at scala.runtime.java8.JFunction0$mcV$sp.apply(JFunction0$mcV$sp.java:12)
	at scala.util.Try$.apply(Try.scala:209)
	at play.api.db.DBApiProvider.$anonfun$get$5(DBModule.scala:84)
	at scala.util.Try$.apply(Try.scala:209)
	at play.api.inject.DefaultApplicationLifecycle.$anonfun$stop$1(ApplicationLifecycle.scala:106)
	at scala.concurrent.Future.$anonfun$flatMap$1(Future.scala:303)
	at scala.concurrent.impl.Promise.$anonfun$transformWith$1(Promise.scala:37)
	at scala.concurrent.impl.CallbackRunnable.run(Promise.scala:60)
	at play.api.libs.streams.Execution$trampoline$.execute(Execution.scala:70)
	at scala.concurrent.impl.CallbackRunnable.executeWithValue(Promise.scala:68)
	at scala.concurrent.impl.Promise$DefaultPromise.dispatchOrAddCallback(Promise.scala:312)
	at scala.concurrent.impl.Promise$DefaultPromise.onComplete(Promise.scala:303)
	at scala.concurrent.impl.Promise.transformWith(Promise.scala:36)
	at scala.concurrent.impl.Promise.transformWith$(Promise.scala:34)
	at scala.concurrent.impl.Promise$DefaultPromise.transformWith(Promise.scala:183)
	at scala.concurrent.Future.flatMap(Future.scala:302)
	at scala.concurrent.Future.flatMap$(Future.scala:302)
	at scala.concurrent.impl.Promise$DefaultPromise.flatMap(Promise.scala:183)
	at play.api.inject.DefaultApplicationLifecycle.clearHooks$1(ApplicationLifecycle.scala:105)
	at play.api.inject.DefaultApplicationLifecycle.stop(ApplicationLifecycle.scala:117)
	at play.core.server.DevServerStart$$anon$1.$anonfun$reload$2(DevServerStart.scala:152)
	at scala.Option.foreach(Option.scala:257)
	at play.core.server.DevServerStart$$anon$1.reload(DevServerStart.scala:152)
	at play.core.server.DevServerStart$$anon$1.get(DevServerStart.scala:124)
	at play.core.server.AkkaHttpServer.handleRequest(AkkaHttpServer.scala:222)
	at play.core.server.AkkaHttpServer.$anonfun$createServerBinding$1(AkkaHttpServer.scala:138)
	at akka.stream.impl.fusing.MapAsyncUnordered$$anon$26.onPush(Ops.scala:1303)
	at akka.stream.impl.fusing.GraphInterpreter.processPush(GraphInterpreter.scala:519)
	at akka.stream.impl.fusing.GraphInterpreter.processEvent(GraphInterpreter.scala:482)
	at akka.stream.impl.fusing.GraphInterpreter.execute(GraphInterpreter.scala:378)
	at akka.stream.impl.fusing.GraphInterpreterShell.runBatch(ActorGraphInterpreter.scala:588)
	at akka.stream.impl.fusing.GraphInterpreterShell$AsyncInput.execute(ActorGraphInterpreter.scala:472)
	at akka.stream.impl.fusing.GraphInterpreterShell.processEvent(ActorGraphInterpreter.scala:563)
	at akka.stream.impl.fusing.ActorGraphInterpreter.akka$stream$impl$fusing$ActorGraphInterpreter$$processEvent(ActorGraphInterpreter.scala:745)
	at akka.stream.impl.fusing.ActorGraphInterpreter$$anonfun$receive$1.applyOrElse(ActorGraphInterpreter.scala:760)
	at akka.actor.Actor.aroundReceive(Actor.scala:517)
	at akka.actor.Actor.aroundReceive$(Actor.scala:515)
	at akka.stream.impl.fusing.ActorGraphInterpreter.aroundReceive(ActorGraphInterpreter.scala:670)
	at akka.actor.ActorCell.receiveMessage(ActorCell.scala:588)
	at akka.actor.ActorCell.invoke(ActorCell.scala:557)
	at akka.dispatch.Mailbox.processMailbox(Mailbox.scala:258)
	at akka.dispatch.Mailbox.run(Mailbox.scala:225)
	at akka.dispatch.Mailbox.exec(Mailbox.scala:235)
	at akka.dispatch.forkjoin.ForkJoinTask.doExec(ForkJoinTask.java:260)
	at akka.dispatch.forkjoin.ForkJoinPool$WorkQueue.runTask(ForkJoinPool.java:1339)
	at akka.dispatch.forkjoin.ForkJoinPool.runWorker(ForkJoinPool.java:1979)
	at akka.dispatch.forkjoin.ForkJoinWorkerThread.run(ForkJoinWorkerThread.java:107)
Caused by: java.lang.IllegalArgumentException: jdbcUrl is required with driverClassName.
	at com.zaxxer.hikari.HikariConfig.validate(HikariConfig.java:1059)
	at play.api.db.HikariCPConfig.toHikariConfig(HikariCPModule.scala:136)
	at play.api.db.HikariCPConnectionPool.$anonfun$create$1(HikariCPModule.scala:50)
	at scala.util.Try$.apply(Try.scala:209)
	at play.api.db.HikariCPConnectionPool.create(HikariCPModule.scala:47)
	... 56 common frames omitted
2018-11-13 18:24:26,934 [ERROR] from application in play-dev-mode-akka.actor.default-dispatcher-3 - 

! @7a03i2c6n - Internal server error, for (GET) [/] ->
 
play.api.Configuration$$anon$1: Configuration error[application.conf @ file:/C:/Users/super/Google%20Drive/PSU/Semester%207/IST%20411/playtest411/target/scala-2.12/classes/application.conf: 9: Expecting end of input or a comma, got ':' (if you intended ':' to be part of a key or string value, try enclosing the key or value in double quotes, or you may be able to rename the file .properties rather than .conf)]
	at play.api.Configuration$.configError(Configuration.scala:156)
	at play.api.Configuration$.load(Configuration.scala:102)
	at play.api.Configuration$.load(Configuration.scala:110)
	at play.api.ApplicationLoader$.createContext(ApplicationLoader.scala:113)
	at play.core.server.DevServerStart$$anon$1.$anonfun$reload$3(DevServerStart.scala:172)
	at play.utils.Threads$.withContextClassLoader(Threads.scala:21)
	at play.core.server.DevServerStart$$anon$1.reload(DevServerStart.scala:171)
	at play.core.server.DevServerStart$$anon$1.get(DevServerStart.scala:124)
	at play.core.server.AkkaHttpServer.handleRequest(AkkaHttpServer.scala:222)
	at play.core.server.AkkaHttpServer.$anonfun$createServerBinding$1(AkkaHttpServer.scala:138)
	at akka.stream.impl.fusing.MapAsyncUnordered$$anon$26.onPush(Ops.scala:1303)
	at akka.stream.impl.fusing.GraphInterpreter.processPush(GraphInterpreter.scala:519)
	at akka.stream.impl.fusing.GraphInterpreter.processEvent(GraphInterpreter.scala:482)
	at akka.stream.impl.fusing.GraphInterpreter.execute(GraphInterpreter.scala:378)
	at akka.stream.impl.fusing.GraphInterpreterShell.runBatch(ActorGraphInterpreter.scala:588)
	at akka.stream.impl.fusing.GraphInterpreterShell$AsyncInput.execute(ActorGraphInterpreter.scala:472)
	at akka.stream.impl.fusing.GraphInterpreterShell.processEvent(ActorGraphInterpreter.scala:563)
	at akka.stream.impl.fusing.ActorGraphInterpreter.akka$stream$impl$fusing$ActorGraphInterpreter$$processEvent(ActorGraphInterpreter.scala:745)
	at akka.stream.impl.fusing.ActorGraphInterpreter$$anonfun$receive$1.applyOrElse(ActorGraphInterpreter.scala:760)
	at akka.actor.Actor.aroundReceive(Actor.scala:517)
	at akka.actor.Actor.aroundReceive$(Actor.scala:515)
	at akka.stream.impl.fusing.ActorGraphInterpreter.aroundReceive(ActorGraphInterpreter.scala:670)
	at akka.actor.ActorCell.receiveMessage(ActorCell.scala:588)
	at akka.actor.ActorCell.invoke(ActorCell.scala:557)
	at akka.dispatch.Mailbox.processMailbox(Mailbox.scala:258)
	at akka.dispatch.Mailbox.run(Mailbox.scala:225)
	at akka.dispatch.Mailbox.exec(Mailbox.scala:235)
	at akka.dispatch.forkjoin.ForkJoinTask.doExec(ForkJoinTask.java:260)
	at akka.dispatch.forkjoin.ForkJoinPool$WorkQueue.runTask(ForkJoinPool.java:1339)
	at akka.dispatch.forkjoin.ForkJoinPool.runWorker(ForkJoinPool.java:1979)
	at akka.dispatch.forkjoin.ForkJoinWorkerThread.run(ForkJoinWorkerThread.java:107)
Caused by: com.typesafe.config.ConfigException$Parse: application.conf @ file:/C:/Users/super/Google%20Drive/PSU/Semester%207/IST%20411/playtest411/target/scala-2.12/classes/application.conf: 9: Expecting end of input or a comma, got ':' (if you intended ':' to be part of a key or string value, try enclosing the key or value in double quotes, or you may be able to rename the file .properties rather than .conf)
	at com.typesafe.config.impl.ConfigDocumentParser$ParseContext.parseError(ConfigDocumentParser.java:201)
	at com.typesafe.config.impl.ConfigDocumentParser$ParseContext.parseError(ConfigDocumentParser.java:197)
	at com.typesafe.config.impl.ConfigDocumentParser$ParseContext.parseObject(ConfigDocumentParser.java:535)
	at com.typesafe.config.impl.ConfigDocumentParser$ParseContext.parse(ConfigDocumentParser.java:648)
	at com.typesafe.config.impl.ConfigDocumentParser.parse(ConfigDocumentParser.java:14)
	at com.typesafe.config.impl.Parseable.rawParseValue(Parseable.java:260)
	at com.typesafe.config.impl.Parseable.rawParseValue(Parseable.java:248)
	at com.typesafe.config.impl.Parseable.parseValue(Parseable.java:180)
	at com.typesafe.config.impl.Parseable.parseValue(Parseable.java:174)
	at com.typesafe.config.impl.Parseable.parseValue(Parseable.java:307)
	at com.typesafe.config.impl.Parseable$ParseableResources.rawParseValue(Parseable.java:747)
	at com.typesafe.config.impl.Parseable$ParseableResources.rawParseValue(Parseable.java:710)
	at com.typesafe.config.impl.Parseable.parseValue(Parseable.java:180)
	at com.typesafe.config.impl.Parseable.parseValue(Parseable.java:174)
	at com.typesafe.config.impl.Parseable.parse(Parseable.java:152)
	at com.typesafe.config.impl.SimpleIncluder.fromBasename(SimpleIncluder.java:185)
	at com.typesafe.config.impl.ConfigImpl.parseResourcesAnySyntax(ConfigImpl.java:132)
	at com.typesafe.config.ConfigFactory.parseResourcesAnySyntax(ConfigFactory.java:979)
	at com.typesafe.config.DefaultConfigLoadingStrategy.parseApplicationConfig(DefaultConfigLoadingStrategy.java:36)
	at com.typesafe.config.ConfigFactory.defaultApplication(ConfigFactory.java:473)
	at play.api.Configuration$.$anonfun$load$5(Configuration.scala:74)
	at scala.Option.getOrElse(Option.scala:121)
	at play.api.Configuration$.load(Configuration.scala:70)
	... 29 common frames omitted
2018-11-13 18:24:59,352 [WARN] from application in play-dev-mode-akka.actor.default-dispatcher-7 - application.conf @ file:/C:/Users/super/Google%20Drive/PSU/Semester%207/IST%20411/playtest411/target/scala-2.12/classes/application.conf: 11: user is deprecated, use username instead
2018-11-13 18:24:59,352 [INFO] from play.api.db.DefaultDBApi in play-dev-mode-akka.actor.default-dispatcher-7 - Database [default] initialized at jdbc:mysql://us-cdbr-iron-east-01.cleardb.net/heroku_4ecfaa15a2f8e91?reconnect=true
2018-11-13 18:24:59,352 [INFO] from application in play-dev-mode-akka.actor.default-dispatcher-7 - Creating Pool for datasource 'default'
2018-11-13 18:25:01,407 [WARN] from org.hibernate.validator.messageinterpolation.ParameterMessageInterpolator in play-dev-mode-akka.actor.default-dispatcher-7 - HV000184: ParameterMessageInterpolator has been chosen, EL interpolation will not be supported
2018-11-13 18:25:01,751 [INFO] from play.api.http.EnabledFilters in play-dev-mode-akka.actor.default-dispatcher-7 - Enabled Filters (see <https://www.playframework.com/documentation/latest/Filters>):

    play.filters.csrf.CSRFFilter
    play.filters.headers.SecurityHeadersFilter
    play.filters.hosts.AllowedHostsFilter

2018-11-13 18:25:01,758 [INFO] from play.api.Play in play-dev-mode-akka.actor.default-dispatcher-7 - Application started (Dev)
2018-11-13 18:25:17,856 [WARN] from play.filters.CSRF in play-dev-mode-akka.actor.default-dispatcher-3 - [CSRF] Check failed because no or invalid token found in body for /player
2018-11-13 18:25:17,858 [WARN] from play.filters.CSRF in play-dev-mode-akka.actor.default-dispatcher-3 - [CSRF] Check failed with NoTokenInBody for /player
